-- General configuration for OpenCV 3.4.1 =====================================
--   Version control:               unknown
-- 
--   Extra modules:
--     Location (extra):            /usr/local/src/opencv/opencv_contrib-3.4.1/modules
--     Version control (extra):     unknown
-- 
--   Platform:
--     Timestamp:                   2018-05-10T19:59:33Z
--     Host:                        Linux 4.9.87-linuxkit-aufs x86_64
--     CMake:                       3.0.2
--     CMake generator:             Unix Makefiles
--     CMake build tool:            /usr/bin/make
--     Configuration:               RELEASE
-- 
--   CPU/HW features:
--     Baseline:                    SSE SSE2 SSE3
--       requested:                 SSE3
--     Dispatched code generation:  SSE4_1 SSE4_2 FP16 AVX AVX2
--       requested:                 SSE4_1 SSE4_2 AVX FP16 AVX2 AVX512_SKX
--       SSE4_1 (3 files):          + SSSE3 SSE4_1
--       SSE4_2 (1 files):          + SSSE3 SSE4_1 POPCNT SSE4_2
--       FP16 (2 files):            + SSSE3 SSE4_1 POPCNT SSE4_2 FP16 AVX
--       AVX (5 files):             + SSSE3 SSE4_1 POPCNT SSE4_2 AVX
--       AVX2 (9 files):            + SSSE3 SSE4_1 POPCNT SSE4_2 FP16 FMA3 AVX AVX2
-- 
--   C/C++:
--     Built as dynamic libs?:      YES
--     C++ Compiler:                /usr/bin/c++  (ver 4.9.2)
--     C++ flags (Release):         -fsigned-char -W -Wall -Werror=return-type -Werror=non-virtual-dtor -Werror=address -Werror=sequence-point -Wformat -Werror=format-security -Wmissing-declarations -Wundef -Winit-self -Wpointer-arith -Wshadow -Wsign-promo -Wuninitialized -Winit-self -Wno-narrowing -Wno-delete-non-virtual-dtor -Wno-comment -fdiagnostics-show-option -Wno-long-long -pthread -fomit-frame-pointer -ffunction-sections -fdata-sections  -msse -msse2 -msse3 -fvisibility=hidden -fvisibility-inlines-hidden -O3 -DNDEBUG  -DNDEBUG
--     C++ flags (Debug):           -fsigned-char -W -Wall -Werror=return-type -Werror=non-virtual-dtor -Werror=address -Werror=sequence-point -Wformat -Werror=format-security -Wmissing-declarations -Wundef -Winit-self -Wpointer-arith -Wshadow -Wsign-promo -Wuninitialized -Winit-self -Wno-narrowing -Wno-delete-non-virtual-dtor -Wno-comment -fdiagnostics-show-option -Wno-long-long -pthread -fomit-frame-pointer -ffunction-sections -fdata-sections  -msse -msse2 -msse3 -fvisibility=hidden -fvisibility-inlines-hidden -g  -O0 -DDEBUG -D_DEBUG
--     C Compiler:                  /usr/bin/cc
--     C flags (Release):           -fsigned-char -W -Wall -Werror=return-type -Werror=non-virtual-dtor -Werror=address -Werror=sequence-point -Wformat -Werror=format-security -Wmissing-declarations -Wmissing-prototypes -Wstrict-prototypes -Wundef -Winit-self -Wpointer-arith -Wshadow -Wuninitialized -Winit-self -Wno-narrowing -Wno-comment -fdiagnostics-show-option -Wno-long-long -pthread -fomit-frame-pointer -ffunction-sections -fdata-sections  -msse -msse2 -msse3 -fvisibility=hidden -O3 -DNDEBUG  -DNDEBUG
--     C flags (Debug):             -fsigned-char -W -Wall -Werror=return-type -Werror=non-virtual-dtor -Werror=address -Werror=sequence-point -Wformat -Werror=format-security -Wmissing-declarations -Wmissing-prototypes -Wstrict-prototypes -Wundef -Winit-self -Wpointer-arith -Wshadow -Wuninitialized -Winit-self -Wno-narrowing -Wno-comment -fdiagnostics-show-option -Wno-long-long -pthread -fomit-frame-pointer -ffunction-sections -fdata-sections  -msse -msse2 -msse3 -fvisibility=hidden -g  -O0 -DDEBUG -D_DEBUG
--     Linker flags (Release):      
--     Linker flags (Debug):        
--     ccache:                      YES
--     Precompiled headers:         NO
--     Extra dependencies:          dl m pthread rt /usr/lib/libtbb.so
--     3rdparty dependencies:
-- 
--   OpenCV modules:
--     To be built:                 aruco bgsegm bioinspired calib3d ccalib core datasets dnn dnn_objdetect dpm face features2d flann freetype fuzzy hfs highgui img_hash imgcodecs imgproc java_bindings_generator line_descriptor ml objdetect optflow phase_unwrapping photo plot python3 python_bindings_generator reg rgbd saliency shape stereo stitching structured_light superres surface_matching text tracking ts video videoio videostab xfeatures2d ximgproc xobjdetect xphoto
--     Disabled:                    js world
--     Disabled by dependency:      -
--     Unavailable:                 cnn_3dobj cudaarithm cudabgsegm cudacodec cudafeatures2d cudafilters cudaimgproc cudalegacy cudaobjdetect cudaoptflow cudastereo cudawarping cudev cvv dnn_modern hdf java matlab ovis python2 sfm viz
--     Applications:                tests perf_tests examples apps
--     Documentation:               NO
--     Non-free algorithms:         NO
-- 
--   GUI: 
--     GTK+:                        YES (ver 2.24.25)
--       GThread :                  YES (ver 2.42.1)
--       GtkGlExt:                  NO
--     OpenGL support:              NO
--     VTK support:                 NO
-- 
--   Media I/O: 
--     ZLib:                        /usr/lib/x86_64-linux-gnu/libz.so (ver 1.2.8)
--     JPEG:                        /usr/lib/x86_64-linux-gnu/libjpeg.so (ver )
--     WEBP:                        build (ver encoder: 0x020e)
--     PNG:                         /usr/lib/x86_64-linux-gnu/libpng.so (ver 1.2.50)
--     TIFF:                        /usr/lib/x86_64-linux-gnu/libtiff.so (ver 42 / 4.0.3)
--     JPEG 2000:                   /usr/lib/x86_64-linux-gnu/libjasper.so (ver 1.900.1)
--     OpenEXR:                     build (ver 1.7.1)
-- 
--   Video I/O:
--     DC1394:                      NO
--     FFMPEG:                      YES
--       avcodec:                   YES (ver 56.1.0)
--       avformat:                  YES (ver 56.1.0)
--       avutil:                    YES (ver 54.3.0)
--       swscale:                   YES (ver 3.0.0)
--       avresample:                YES (ver 2.1.0)
--     GStreamer:                   
--       base:                      YES (ver 1.4.4)
--       video:                     YES (ver 1.4.4)
--       app:                       YES (ver 1.4.4)
--       riff:                      YES (ver 1.4.4)
--       pbutils:                   YES (ver 1.4.4)
--     libv4l/libv4l2:              1.6.0 / 1.6.0
--     v4l/v4l2:                    linux/videodev2.h
--     gPhoto2:                     YES
-- 
--   Parallel framework:            TBB (ver 4.2 interface 7003)
-- 
--   Trace:                         YES (with Intel ITT)
-- 
--   Other third-party libraries:
--     Intel IPP:                   2017.0.3 [2017.0.3]
--            at:                   /usr/local/src/opencv/opencv-3.4.1/build/3rdparty/ippicv/ippicv_lnx
--     Intel IPP IW:                sources (2017.0.3)
--               at:                /usr/local/src/opencv/opencv-3.4.1/build/3rdparty/ippicv/ippiw_lnx
--     Lapack:                      YES (/usr/lib/liblapack.so /usr/lib/libcblas.so /usr/lib/libatlas.so)
--     Eigen:                       YES (ver 3.2.2)
--     Custom HAL:                  NO
--     Protobuf:                    build (3.5.1)
-- 
--   OpenCL:                        YES (no extra features)
--     Include path:                /usr/local/src/opencv/opencv-3.4.1/3rdparty/include/opencl/1.2
--     Link libraries:              Dynamic load
-- 
--   Python 3:
--     Interpreter:                 /usr/bin/python3.4 (ver 3.4.2)
--     Libraries:                   /usr/lib/x86_64-linux-gnu/libpython3.4m.so (ver 3.4.2)
--     numpy:                       /usr/lib/python3/dist-packages/numpy/core/include (ver 1.8.2)
--     packages path:               lib/python3.4/dist-packages
-- 
--   Python (for build):            /usr/bin/python3.4
-- 
--   Java:                          
--     ant:                         NO
--     JNI:                         NO
--     Java wrappers:               NO
--     Java tests:                  NO
-- 
--   Matlab:                        NO
-- 
--   Install to:                    /usr/local
-- -----------------------------------------------------------------
-- 
-- Configuring done
-- Generating done
-- Build files have been written to: /usr/local/src/opencv/opencv-3.4.1/build


